0 info it worked if it ends with ok
1 verbose cli [ 'C:\\Program Files\\nodejs\\node.exe',
1 verbose cli   'C:\\Program Files\\nodejs\\node_modules\\npm\\bin\\npm-cli.js',
1 verbose cli   'run',
1 verbose cli   'semantic-release' ]
2 info using npm@3.8.6
3 info using node@v6.1.0
4 verbose run-script [ 'presemantic-release',
4 verbose run-script   'semantic-release',
4 verbose run-script   'postsemantic-release' ]
5 info lifecycle closest-parent-by-attributes@1.0.0-sematic-release~presemantic-release: closest-parent-by-attributes@1.0.0-sematic-release
6 silly lifecycle closest-parent-by-attributes@1.0.0-sematic-release~presemantic-release: no script for presemantic-release, continuing
7 info lifecycle closest-parent-by-attributes@1.0.0-sematic-release~semantic-release: closest-parent-by-attributes@1.0.0-sematic-release
8 verbose lifecycle closest-parent-by-attributes@1.0.0-sematic-release~semantic-release: unsafe-perm in lifecycle true
9 verbose lifecycle closest-parent-by-attributes@1.0.0-sematic-release~semantic-release: PATH: C:\Program Files\nodejs\node_modules\npm\bin\node-gyp-bin;C:\Users\teral\Documents\GitHub\closest-parent-by-attributes\node_modules\.bin;C:\Program Files\nodejs;C:\Users\teral\bin;C:\Program Files\Git\mingw64\bin;C:\Program Files\Git\usr\local\bin;C:\Program Files\Git\usr\bin;C:\Program Files\Git\usr\bin;C:\Program Files\Git\mingw64\bin;C:\Program Files\Git\usr\bin;C:\Users\teral\bin;C:\ProgramData\Oracle\Java\javapath;C:\Python27;C:\Python27\Scripts;C:\Program Files (x86)\Common Files\Intel\Shared Files\cpp\bin\Intel64;C:\Windows\system32;C:\Windows;C:\Windows\System32\Wbem;C:\Windows\System32\WindowsPowerShell\v1.0;C:\Program Files (x86)\NVIDIA Corporation\PhysX\Common;C:\Program Files (x86)\Skype\Phone;C:\WINDOWS\system32;C:\WINDOWS;C:\WINDOWS\System32\Wbem;C:\WINDOWS\System32\WindowsPowerShell\v1.0;C:\WINDOWS\system32\config\systemprofile\.dnx\bin;C:\Program Files\Microsoft DNX\Dnvm;C:\Program Files\Git\cmd;C:\Program Files (x86)\Windows Kits\8.1\Windows Performance Toolkit;C:\Program Files\nodejs;C:\Ruby193\bin;C:\Ruby22-x64\bin;C:\Users\teral\AppData\Local\Enthought\Canopy\User;C:\Users\teral\AppData\Local\Enthought\Canopy\User\Scripts;C:\Users\teral\AppData\Local\atom\bin;C:\Users\teral\AppData\Roaming\npm;C:\Program Files\Git\usr\bin\vendor_perl;C:\Program Files\Git\usr\bin\core_perl
10 verbose lifecycle closest-parent-by-attributes@1.0.0-sematic-release~semantic-release: CWD: C:\Users\teral\Documents\GitHub\closest-parent-by-attributes
11 silly lifecycle closest-parent-by-attributes@1.0.0-sematic-release~semantic-release: Args: [ '/d /s /c',
11 silly lifecycle   'npm-run-all semantic-release-pre npm-publish semantic-release-post' ]
12 silly lifecycle closest-parent-by-attributes@1.0.0-sematic-release~semantic-release: Returned: code: 1  signal: null
13 info lifecycle closest-parent-by-attributes@1.0.0-sematic-release~semantic-release: Failed to exec semantic-release script
14 verbose stack Error: closest-parent-by-attributes@1.0.0-sematic-release semantic-release: `npm-run-all semantic-release-pre npm-publish semantic-release-post`
14 verbose stack Exit status 1
14 verbose stack     at EventEmitter.<anonymous> (C:\Program Files\nodejs\node_modules\npm\lib\utils\lifecycle.js:239:16)
14 verbose stack     at emitTwo (events.js:106:13)
14 verbose stack     at EventEmitter.emit (events.js:191:7)
14 verbose stack     at ChildProcess.<anonymous> (C:\Program Files\nodejs\node_modules\npm\lib\utils\spawn.js:24:14)
14 verbose stack     at emitTwo (events.js:106:13)
14 verbose stack     at ChildProcess.emit (events.js:191:7)
14 verbose stack     at maybeClose (internal/child_process.js:850:16)
14 verbose stack     at Process.ChildProcess._handle.onexit (internal/child_process.js:215:5)
15 verbose pkgid closest-parent-by-attributes@1.0.0-sematic-release
16 verbose cwd C:\Users\teral\Documents\GitHub\closest-parent-by-attributes
17 error Windows_NT 10.0.10586
18 error argv "C:\\Program Files\\nodejs\\node.exe" "C:\\Program Files\\nodejs\\node_modules\\npm\\bin\\npm-cli.js" "run" "semantic-release"
19 error node v6.1.0
20 error npm  v3.8.6
21 error code ELIFECYCLE
22 error closest-parent-by-attributes@1.0.0-sematic-release semantic-release: `npm-run-all semantic-release-pre npm-publish semantic-release-post`
22 error Exit status 1
23 error Failed at the closest-parent-by-attributes@1.0.0-sematic-release semantic-release script 'npm-run-all semantic-release-pre npm-publish semantic-release-post'.
23 error Make sure you have the latest version of node.js and npm installed.
23 error If you do, this is most likely a problem with the closest-parent-by-attributes package,
23 error not with npm itself.
23 error Tell the author that this fails on your system:
23 error     npm-run-all semantic-release-pre npm-publish semantic-release-post
23 error You can get information on how to open an issue for this project with:
23 error     npm bugs closest-parent-by-attributes
23 error Or if that isn't available, you can get their info via:
23 error     npm owner ls closest-parent-by-attributes
23 error There is likely additional logging output above.
24 verbose exit [ 1, true ]
